<?xml version="1.0" encoding="UTF-8" ?>
<testsuite failures="0" time="6.2" errors="0" skipped="0" tests="56" name="rec.test.MultiValueTestCase">
  <properties>
    <property name="java.runtime.name" value="Java(TM) SE Runtime Environment"/>
    <property name="sun.boot.library.path" value="C:\Program Files\Java\jdk1.7.0_25\jre\bin"/>
    <property name="java.vm.version" value="23.25-b01"/>
    <property name="user.country.format" value="IT"/>
    <property name="java.vm.vendor" value="Oracle Corporation"/>
    <property name="java.vendor.url" value="http://java.oracle.com/"/>
    <property name="path.separator" value=";"/>
    <property name="guice.disable.misplaced.annotation.check" value="true"/>
    <property name="java.vm.name" value="Java HotSpot(TM) Client VM"/>
    <property name="file.encoding.pkg" value="sun.io"/>
    <property name="user.script" value=""/>
    <property name="user.country" value="US"/>
    <property name="sun.java.launcher" value="SUN_STANDARD"/>
    <property name="sun.os.patch.level" value="Service Pack 1"/>
    <property name="java.vm.specification.name" value="Java Virtual Machine Specification"/>
    <property name="user.dir" value="C:\Users\sotto\workspace2\REC-mv"/>
    <property name="java.runtime.version" value="1.7.0_25-b17"/>
    <property name="java.awt.graphicsenv" value="sun.awt.Win32GraphicsEnvironment"/>
    <property name="java.endorsed.dirs" value="C:\Program Files\Java\jdk1.7.0_25\jre\lib\endorsed"/>
    <property name="os.arch" value="x86"/>
    <property name="java.io.tmpdir" value="C:\Users\sotto\AppData\Local\Temp\"/>
    <property name="line.separator" value="
"/>
    <property name="java.vm.specification.vendor" value="Oracle Corporation"/>
    <property name="user.variant" value=""/>
    <property name="os.name" value="Windows 7"/>
    <property name="classworlds.conf" value="C:\Users\sotto\Desktop\Documents\Software\apache-maven-3.1.0\bin\..\bin\m2.conf"/>
    <property name="sun.jnu.encoding" value="Cp1252"/>
    <property name="java.library.path" value="C:\Program Files\Java\jdk1.7.0_25\bin;C:\Windows\Sun\Java\bin;C:\Windows\system32;C:\Windows;C:\Windows\system32;C:\Windows;C:\Windows\System32\Wbem;C:\Windows\System32\WindowsPowerShell\v1.0\;C:\Users\sotto\Desktop\Documents\Software\apache-maven-3.1.0\bin;C:\Program Files\Java\jdk1.7.0_25\bin;."/>
    <property name="java.specification.name" value="Java Platform API Specification"/>
    <property name="java.class.version" value="51.0"/>
    <property name="sun.management.compiler" value="HotSpot Client Compiler"/>
    <property name="os.version" value="6.1"/>
    <property name="user.home" value="C:\Users\sotto"/>
    <property name="user.timezone" value="Europe/Berlin"/>
    <property name="java.awt.printerjob" value="sun.awt.windows.WPrinterJob"/>
    <property name="java.specification.version" value="1.7"/>
    <property name="file.encoding" value="Cp1252"/>
    <property name="user.name" value="sotto"/>
    <property name="java.class.path" value="C:\Users\sotto\Desktop\Documents\Software\apache-maven-3.1.0\bin\..\boot\plexus-classworlds-2.4.2.jar"/>
    <property name="org.slf4j.simpleLogger.defaultLogLevel" value="info"/>
    <property name="java.vm.specification.version" value="1.7"/>
    <property name="sun.arch.data.model" value="32"/>
    <property name="java.home" value="C:\Program Files\Java\jdk1.7.0_25\jre"/>
    <property name="sun.java.command" value="org.codehaus.plexus.classworlds.launcher.Launcher clean install"/>
    <property name="java.specification.vendor" value="Oracle Corporation"/>
    <property name="user.language" value="en"/>
    <property name="user.language.format" value="it"/>
    <property name="awt.toolkit" value="sun.awt.windows.WToolkit"/>
    <property name="java.vm.info" value="mixed mode, sharing"/>
    <property name="java.version" value="1.7.0_25"/>
    <property name="java.ext.dirs" value="C:\Program Files\Java\jdk1.7.0_25\jre\lib\ext;C:\Windows\Sun\Java\lib\ext"/>
    <property name="sun.boot.class.path" value="C:\Program Files\Java\jdk1.7.0_25\jre\lib\resources.jar;C:\Program Files\Java\jdk1.7.0_25\jre\lib\rt.jar;C:\Program Files\Java\jdk1.7.0_25\jre\lib\sunrsasign.jar;C:\Program Files\Java\jdk1.7.0_25\jre\lib\jsse.jar;C:\Program Files\Java\jdk1.7.0_25\jre\lib\jce.jar;C:\Program Files\Java\jdk1.7.0_25\jre\lib\charsets.jar;C:\Program Files\Java\jdk1.7.0_25\jre\lib\jfr.jar;C:\Program Files\Java\jdk1.7.0_25\jre\classes"/>
    <property name="java.vendor" value="Oracle Corporation"/>
    <property name="maven.home" value="C:\Users\sotto\Desktop\Documents\Software\apache-maven-3.1.0\bin\.."/>
    <property name="file.separator" value="\"/>
    <property name="java.vendor.url.bug" value="http://bugreport.sun.com/bugreport/"/>
    <property name="sun.cpu.endian" value="little"/>
    <property name="sun.io.unicode.encoding" value="UnicodeLittle"/>
    <property name="sun.desktop" value="windows"/>
    <property name="sun.cpu.isalist" value=""/>
  </properties>
  <testcase time="0.633" classname="rec.test.MultiValueTestCase" name="testSample6_A0B1C2"/>
  <testcase time="0.1" classname="rec.test.MultiValueTestCase" name="testSample6_A0B2C1"/>
  <testcase time="0.135" classname="rec.test.MultiValueTestCase" name="testSample6_A1B0C2"/>
  <testcase time="0.114" classname="rec.test.MultiValueTestCase" name="testSample6_A1B2C0"/>
  <testcase time="0.108" classname="rec.test.MultiValueTestCase" name="testSample6_A2B0C1"/>
  <testcase time="0.113" classname="rec.test.MultiValueTestCase" name="testSample6_A2B1C0"/>
  <testcase time="0.155" classname="rec.test.MultiValueTestCase" name="testSample4_A0B1C2"/>
  <testcase time="0.104" classname="rec.test.MultiValueTestCase" name="testSample4_A0B2C1"/>
  <testcase time="0.093" classname="rec.test.MultiValueTestCase" name="testSample4_A1B0C2"/>
  <testcase time="0.082" classname="rec.test.MultiValueTestCase" name="testSample4_A1B2C0"/>
  <testcase time="0.095" classname="rec.test.MultiValueTestCase" name="testSample4_A2B0C1"/>
  <testcase time="0.099" classname="rec.test.MultiValueTestCase" name="testSample4_A2B1C0"/>
  <testcase time="0.102" classname="rec.test.MultiValueTestCase" name="testEmpty"/>
  <testcase time="0.104" classname="rec.test.MultiValueTestCase" name="testSample2_A0B1C2"/>
  <testcase time="0.092" classname="rec.test.MultiValueTestCase" name="testSample2_A0B2C1"/>
  <testcase time="0.115" classname="rec.test.MultiValueTestCase" name="testSample2_A1B0C2"/>
  <testcase time="0.106" classname="rec.test.MultiValueTestCase" name="testSample2_A1B2C0"/>
  <testcase time="0.093" classname="rec.test.MultiValueTestCase" name="testSample2_A2B0C1"/>
  <testcase time="0.085" classname="rec.test.MultiValueTestCase" name="testSample2_A2B1C0"/>
  <testcase time="0.081" classname="rec.test.MultiValueTestCase" name="testSample0_A0B1"/>
  <testcase time="0.084" classname="rec.test.MultiValueTestCase" name="testSample0_B1A0"/>
  <testcase time="0.083" classname="rec.test.MultiValueTestCase" name="testSample1_A0B1"/>
  <testcase time="0.109" classname="rec.test.MultiValueTestCase" name="testSample1_B1A0"/>
  <testcase time="0.09" classname="rec.test.MultiValueTestCase" name="testSample2_A1B0"/>
  <testcase time="0.128" classname="rec.test.MultiValueTestCase" name="testSample2_B0A1"/>
  <testcase time="0.124" classname="rec.test.MultiValueTestCase" name="testSample3_A1B0"/>
  <testcase time="0.082" classname="rec.test.MultiValueTestCase" name="testSample3_B0A1"/>
  <testcase time="0.081" classname="rec.test.MultiValueTestCase" name="testSample4_A0B0"/>
  <testcase time="0.112" classname="rec.test.MultiValueTestCase" name="testSample4_B0A0"/>
  <testcase time="0.115" classname="rec.test.MultiValueTestCase" name="testSample5_A0B0"/>
  <testcase time="0.082" classname="rec.test.MultiValueTestCase" name="testSample5_B0A0"/>
  <testcase time="0.09" classname="rec.test.MultiValueTestCase" name="testSample6_A1B1"/>
  <testcase time="0.074" classname="rec.test.MultiValueTestCase" name="testSample6_B1A1"/>
  <testcase time="0.115" classname="rec.test.MultiValueTestCase" name="testSample7_A1B1"/>
  <testcase time="0.086" classname="rec.test.MultiValueTestCase" name="testSample7_B1A1"/>
  <testcase time="0.107" classname="rec.test.MultiValueTestCase" name="testSample5_A0B1C2"/>
  <testcase time="0.113" classname="rec.test.MultiValueTestCase" name="testSample5_A0B2C1"/>
  <testcase time="0.096" classname="rec.test.MultiValueTestCase" name="testSample5_A1B0C2"/>
  <testcase time="0.101" classname="rec.test.MultiValueTestCase" name="testSample5_A1B2C0"/>
  <testcase time="0.147" classname="rec.test.MultiValueTestCase" name="testSample5_A2B0C1"/>
  <testcase time="0.116" classname="rec.test.MultiValueTestCase" name="testSample5_A2B1C0"/>
  <testcase time="0.084" classname="rec.test.MultiValueTestCase" name="testSample3_A0B1C2"/>
  <testcase time="0.086" classname="rec.test.MultiValueTestCase" name="testSample3_A0B2C1"/>
  <testcase time="0.084" classname="rec.test.MultiValueTestCase" name="testSample3_A1B0C2"/>
  <testcase time="0.085" classname="rec.test.MultiValueTestCase" name="testSample3_A1B2C0"/>
  <testcase time="0.1" classname="rec.test.MultiValueTestCase" name="testSample3_A2B0C1"/>
  <testcase time="0.102" classname="rec.test.MultiValueTestCase" name="testSample3_A2B1C0"/>
  <testcase time="0.1" classname="rec.test.MultiValueTestCase" name="testFluent"/>
  <testcase time="0.111" classname="rec.test.MultiValueTestCase" name="testSample_A0"/>
  <testcase time="0.101" classname="rec.test.MultiValueTestCase" name="testSample_A1"/>
  <testcase time="0.094" classname="rec.test.MultiValueTestCase" name="testSample1_A0B1C2"/>
  <testcase time="0.104" classname="rec.test.MultiValueTestCase" name="testSample1_A0B2C1"/>
  <testcase time="0.088" classname="rec.test.MultiValueTestCase" name="testSample1_A1B0C2"/>
  <testcase time="0.103" classname="rec.test.MultiValueTestCase" name="testSample1_A1B2C0"/>
  <testcase time="0.099" classname="rec.test.MultiValueTestCase" name="testSample1_A2B0C1"/>
  <testcase time="0.115" classname="rec.test.MultiValueTestCase" name="testSample1_A2B1C0"/>
</testsuite>